# JRE version: OpenJDK Runtime Environment (17.0.7) (build 17.0.7+0-b2043.56-10550314)
# Java VM: OpenJDK 64-Bit Server VM (17.0.7+0-b2043.56-10550314, mixed mode, tiered, compressed oops, compressed class ptrs, g1 gc, windows-amd64)
GC Precious Log:
 CPUs: 8 total, 8 available
 Memory: 6082M
 Large Page Support: Disabled
 NUMA Support: Disabled
 Compressed Oops: Enabled (32-bit)
 Heap Region Size: 1M
 Heap Min Capacity: 8M
 Heap Initial Capacity: 96M
 Heap Max Capacity: 2G
 Pre-touch: Disabled
 Parallel Workers: 8
 Concurrent Workers: 2
 Concurrent Refinement Workers: 8
 Periodic GC: Disabled
Heap:
 garbage-first heap   total 194560K, used 145053K [0x0000000080000000, 0x0000000100000000)
  region size 1024K, 36 young (36864K), 5 survivors (5120K)
 Metaspace       used 100082K, committed 100736K, reserved 1179648K
  class space    used 13556K, committed 13888K, reserved 1048576K
GC Heap History (20 events):
Event: 27.004 GC heap before
{Heap before GC invocations=39 (full 0):
 garbage-first heap   total 125952K, used 103757K [0x0000000080000000, 0x0000000100000000)
  region size 1024K, 35 young (35840K), 5 survivors (5120K)
 Metaspace       used 84267K, committed 84928K, reserved 1179648K
  class space    used 11554K, committed 11904K, reserved 1048576K
}
Event: 27.013 GC heap after
{Heap after GC invocations=40 (full 0):
 garbage-first heap   total 125952K, used 78185K [0x0000000080000000, 0x0000000100000000)
  region size 1024K, 5 young (5120K), 5 survivors (5120K)
 Metaspace       used 84267K, committed 84928K, reserved 1179648K
  class space    used 11554K, committed 11904K, reserved 1048576K
}
Event: 27.683 GC heap before
{Heap before GC invocations=40 (full 0):
 garbage-first heap   total 125952K, used 102761K [0x0000000080000000, 0x0000000100000000)
  region size 1024K, 30 young (30720K), 5 survivors (5120K)
 Metaspace       used 85971K, committed 86592K, reserved 1179648K
  class space    used 11906K, committed 12224K, reserved 1048576K
}
Event: 27.695 GC heap after
{Heap after GC invocations=41 (full 0):
 garbage-first heap   total 161792K, used 81967K [0x0000000080000000, 0x0000000100000000)
  region size 1024K, 4 young (4096K), 4 survivors (4096K)
 Metaspace       used 85971K, committed 86592K, reserved 1179648K
  class space    used 11906K, committed 12224K, reserved 1048576K
}
Event: 28.747 GC heap before
{Heap before GC invocations=41 (full 0):
 garbage-first heap   total 161792K, used 129071K [0x0000000080000000, 0x0000000100000000)
  region size 1024K, 51 young (52224K), 4 survivors (4096K)
 Metaspace       used 87010K, committed 87680K, reserved 1179648K
  class space    used 12051K, committed 12352K, reserved 1048576K
}
Event: 28.755 GC heap after
{Heap after GC invocations=42 (full 0):
 garbage-first heap   total 161792K, used 85582K [0x0000000080000000, 0x0000000100000000)
  region size 1024K, 7 young (7168K), 7 survivors (7168K)
 Metaspace       used 87010K, committed 87680K, reserved 1179648K
  class space    used 12051K, committed 12352K, reserved 1048576K
}
Event: 30.674 GC heap before
{Heap before GC invocations=42 (full 0):
 garbage-first heap   total 161792K, used 136782K [0x0000000080000000, 0x0000000100000000)
  region size 1024K, 51 young (52224K), 7 survivors (7168K)
 Metaspace       used 90433K, committed 91072K, reserved 1179648K
  class space    used 12427K, committed 12736K, reserved 1048576K
}
Event: 30.688 GC heap after
{Heap after GC invocations=43 (full 0):
 garbage-first heap   total 161792K, used 94281K [0x0000000080000000, 0x0000000100000000)
  region size 1024K, 7 young (7168K), 7 survivors (7168K)
 Metaspace       used 90433K, committed 91072K, reserved 1179648K
  class space    used 12427K, committed 12736K, reserved 1048576K
}
Event: 31.341 GC heap before
{Heap before GC invocations=43 (full 0):
 garbage-first heap   total 161792K, used 127049K [0x0000000080000000, 0x0000000100000000)
  region size 1024K, 40 young (40960K), 7 survivors (7168K)
 Metaspace       used 92301K, committed 92992K, reserved 1179648K
  class space    used 12632K, committed 12992K, reserved 1048576K
}
Event: 31.352 GC heap after
{Heap after GC invocations=44 (full 0):
 garbage-first heap   total 161792K, used 104158K [0x0000000080000000, 0x0000000100000000)
  region size 1024K, 5 young (5120K), 5 survivors (5120K)
 Metaspace       used 92301K, committed 92992K, reserved 1179648K
  class space    used 12632K, committed 12992K, reserved 1048576K
}
Event: 32.151 GC heap before
{Heap before GC invocations=44 (full 0):
 garbage-first heap   total 161792K, used 146142K [0x0000000080000000, 0x0000000100000000)
  region size 1024K, 31 young (31744K), 5 survivors (5120K)
 Metaspace       used 94172K, committed 94848K, reserved 1179648K
  class space    used 12865K, committed 13184K, reserved 1048576K
}
Event: 32.163 GC heap after
{Heap after GC invocations=45 (full 0):
 garbage-first heap   total 161792K, used 108448K [0x0000000080000000, 0x0000000100000000)
  region size 1024K, 4 young (4096K), 4 survivors (4096K)
 Metaspace       used 94172K, committed 94848K, reserved 1179648K
  class space    used 12865K, committed 13184K, reserved 1048576K
}
Event: 33.133 GC heap before
{Heap before GC invocations=45 (full 0):
 garbage-first heap   total 161792K, used 130976K [0x0000000080000000, 0x0000000100000000)
  region size 1024K, 27 young (27648K), 4 survivors (4096K)
 Metaspace       used 96221K, committed 96896K, reserved 1179648K
  class space    used 13082K, committed 13440K, reserved 1048576K
}
Event: 33.141 GC heap after
{Heap after GC invocations=46 (full 0):
 garbage-first heap   total 161792K, used 110162K [0x0000000080000000, 0x0000000100000000)
  region size 1024K, 2 young (2048K), 2 survivors (2048K)
 Metaspace       used 96221K, committed 96896K, reserved 1179648K
  class space    used 13082K, committed 13440K, reserved 1048576K
}
Event: 33.498 GC heap before
{Heap before GC invocations=46 (full 0):
 garbage-first heap   total 161792K, used 132690K [0x0000000080000000, 0x0000000100000000)
  region size 1024K, 25 young (25600K), 2 survivors (2048K)
 Metaspace       used 96773K, committed 97472K, reserved 1179648K
  class space    used 13134K, committed 13440K, reserved 1048576K
}
Event: 33.505 GC heap after
{Heap after GC invocations=47 (full 0):
 garbage-first heap   total 161792K, used 111244K [0x0000000080000000, 0x0000000100000000)
  region size 1024K, 3 young (3072K), 3 survivors (3072K)
 Metaspace       used 96773K, committed 97472K, reserved 1179648K
  class space    used 13134K, committed 13440K, reserved 1048576K
}
Event: 33.865 GC heap before
{Heap before GC invocations=47 (full 0):
 garbage-first heap   total 161792K, used 133772K [0x0000000080000000, 0x0000000100000000)
  region size 1024K, 26 young (26624K), 3 survivors (3072K)
 Metaspace       used 96972K, committed 97664K, reserved 1179648K
  class space    used 13149K, committed 13504K, reserved 1048576K
}
Event: 33.873 GC heap after
{Heap after GC invocations=48 (full 0):
 garbage-first heap   total 194560K, used 113073K [0x0000000080000000, 0x0000000100000000)
  region size 1024K, 4 young (4096K), 4 survivors (4096K)
 Metaspace       used 96972K, committed 97664K, reserved 1179648K
  class space    used 13149K, committed 13504K, reserved 1048576K
}
Event: 35.049 GC heap before
{Heap before GC invocations=48 (full 0):
 garbage-first heap   total 194560K, used 155057K [0x0000000080000000, 0x0000000100000000)
  region size 1024K, 46 young (47104K), 4 survivors (4096K)
 Metaspace       used 98344K, committed 99072K, reserved 1179648K
  class space    used 13343K, committed 13696K, reserved 1048576K
}
Event: 35.059 GC heap after
{Heap after GC invocations=49 (full 0):
 garbage-first heap   total 194560K, used 115357K [0x0000000080000000, 0x0000000100000000)
  region size 1024K, 5 young (5120K), 5 survivors (5120K)
 Metaspace       used 98344K, committed 99072K, reserved 1179648K
  class space    used 13343K, committed 13696K, reserved 1048576K
}

