# JRE version: OpenJDK Runtime Environment (17.0.7) (build 17.0.7+0-b2043.56-10550314)
# Java VM: OpenJDK 64-Bit Server VM (17.0.7+0-b2043.56-10550314, mixed mode, tiered, compressed oops, compressed class ptrs, g1 gc, windows-amd64)
GC Precious Log:
 CPUs: 8 total, 8 available
 Memory: 6082M
 Large Page Support: Disabled
 NUMA Support: Disabled
 Compressed Oops: Enabled (32-bit)
 Heap Region Size: 1M
 Heap Min Capacity: 8M
 Heap Initial Capacity: 96M
 Heap Max Capacity: 2G
 Pre-touch: Disabled
 Parallel Workers: 8
 Concurrent Workers: 2
 Concurrent Refinement Workers: 8
 Periodic GC: Disabled
Heap:
 garbage-first heap   total 221184K, used 145766K [0x0000000080000000, 0x0000000100000000)
  region size 1024K, 28 young (28672K), 7 survivors (7168K)
 Metaspace       used 109643K, committed 110400K, reserved 1179648K
  class space    used 14791K, committed 15168K, reserved 1048576K
GC Heap History (20 events):
Event: 35.481 GC heap before
{Heap before GC invocations=50 (full 0):
 garbage-first heap   total 155648K, used 132283K [0x0000000080000000, 0x0000000100000000)
  region size 1024K, 44 young (45056K), 5 survivors (5120K)
 Metaspace       used 94098K, committed 94784K, reserved 1179648K
  class space    used 12888K, committed 13184K, reserved 1048576K
}
Event: 35.490 GC heap after
{Heap after GC invocations=51 (full 0):
 garbage-first heap   total 155648K, used 91364K [0x0000000080000000, 0x0000000100000000)
  region size 1024K, 4 young (4096K), 4 survivors (4096K)
 Metaspace       used 94098K, committed 94784K, reserved 1179648K
  class space    used 12888K, committed 13184K, reserved 1048576K
}
Event: 35.558 GC heap before
{Heap before GC invocations=51 (full 0):
 garbage-first heap   total 155648K, used 93412K [0x0000000080000000, 0x0000000100000000)
  region size 1024K, 7 young (7168K), 4 survivors (4096K)
 Metaspace       used 94474K, committed 95168K, reserved 1179648K
  class space    used 12934K, committed 13248K, reserved 1048576K
}
Event: 35.564 GC heap after
{Heap after GC invocations=52 (full 0):
 garbage-first heap   total 155648K, used 91282K [0x0000000080000000, 0x0000000100000000)
  region size 1024K, 1 young (1024K), 1 survivors (1024K)
 Metaspace       used 94474K, committed 95168K, reserved 1179648K
  class space    used 12934K, committed 13248K, reserved 1048576K
}
Event: 36.459 GC heap before
{Heap before GC invocations=52 (full 0):
 garbage-first heap   total 155648K, used 128146K [0x0000000080000000, 0x0000000100000000)
  region size 1024K, 37 young (37888K), 1 survivors (1024K)
 Metaspace       used 96319K, committed 97088K, reserved 1179648K
  class space    used 13168K, committed 13568K, reserved 1048576K
}
Event: 36.471 GC heap after
{Heap after GC invocations=53 (full 0):
 garbage-first heap   total 155648K, used 107606K [0x0000000080000000, 0x0000000100000000)
  region size 1024K, 5 young (5120K), 5 survivors (5120K)
 Metaspace       used 96319K, committed 97088K, reserved 1179648K
  class space    used 13168K, committed 13568K, reserved 1048576K
}
Event: 37.764 GC heap before
{Heap before GC invocations=54 (full 0):
 garbage-first heap   total 184320K, used 121942K [0x0000000080000000, 0x0000000100000000)
  region size 1024K, 22 young (22528K), 5 survivors (5120K)
 Metaspace       used 98031K, committed 98752K, reserved 1179648K
  class space    used 13362K, committed 13696K, reserved 1048576K
}
Event: 37.774 GC heap after
{Heap after GC invocations=55 (full 0):
 garbage-first heap   total 184320K, used 107988K [0x0000000080000000, 0x0000000100000000)
  region size 1024K, 2 young (2048K), 2 survivors (2048K)
 Metaspace       used 98031K, committed 98752K, reserved 1179648K
  class space    used 13362K, committed 13696K, reserved 1048576K
}
Event: 37.938 GC heap before
{Heap before GC invocations=55 (full 0):
 garbage-first heap   total 184320K, used 115156K [0x0000000080000000, 0x0000000100000000)
  region size 1024K, 9 young (9216K), 2 survivors (2048K)
 Metaspace       used 98774K, committed 99456K, reserved 1179648K
  class space    used 13460K, committed 13824K, reserved 1048576K
}
Event: 37.942 GC heap after
{Heap after GC invocations=56 (full 0):
 garbage-first heap   total 221184K, used 108228K [0x0000000080000000, 0x0000000100000000)
  region size 1024K, 1 young (1024K), 1 survivors (1024K)
 Metaspace       used 98774K, committed 99456K, reserved 1179648K
  class space    used 13460K, committed 13824K, reserved 1048576K
}
Event: 39.271 GC heap before
{Heap before GC invocations=56 (full 0):
 garbage-first heap   total 221184K, used 168644K [0x0000000080000000, 0x0000000100000000)
  region size 1024K, 44 young (45056K), 1 survivors (1024K)
 Metaspace       used 101772K, committed 102464K, reserved 1179648K
  class space    used 13779K, committed 14144K, reserved 1048576K
}
Event: 39.280 GC heap after
{Heap after GC invocations=57 (full 0):
 garbage-first heap   total 221184K, used 111978K [0x0000000080000000, 0x0000000100000000)
  region size 1024K, 5 young (5120K), 5 survivors (5120K)
 Metaspace       used 101772K, committed 102464K, reserved 1179648K
  class space    used 13779K, committed 14144K, reserved 1048576K
}
Event: 40.560 GC heap before
{Heap before GC invocations=57 (full 0):
 garbage-first heap   total 221184K, used 157034K [0x0000000080000000, 0x0000000100000000)
  region size 1024K, 50 young (51200K), 5 survivors (5120K)
 Metaspace       used 102915K, committed 103616K, reserved 1179648K
  class space    used 13913K, committed 14272K, reserved 1048576K
}
Event: 40.573 GC heap after
{Heap after GC invocations=58 (full 0):
 garbage-first heap   total 221184K, used 116460K [0x0000000080000000, 0x0000000100000000)
  region size 1024K, 5 young (5120K), 5 survivors (5120K)
 Metaspace       used 102915K, committed 103616K, reserved 1179648K
  class space    used 13913K, committed 14272K, reserved 1048576K
}
Event: 41.620 GC heap before
{Heap before GC invocations=58 (full 0):
 garbage-first heap   total 221184K, used 162540K [0x0000000080000000, 0x0000000100000000)
  region size 1024K, 51 young (52224K), 5 survivors (5120K)
 Metaspace       used 103942K, committed 104704K, reserved 1179648K
  class space    used 14006K, committed 14400K, reserved 1048576K
}
Event: 41.627 GC heap after
{Heap after GC invocations=59 (full 0):
 garbage-first heap   total 221184K, used 119647K [0x0000000080000000, 0x0000000100000000)
  region size 1024K, 4 young (4096K), 4 survivors (4096K)
 Metaspace       used 103942K, committed 104704K, reserved 1179648K
  class space    used 14006K, committed 14400K, reserved 1048576K
}
Event: 42.569 GC heap before
{Heap before GC invocations=59 (full 0):
 garbage-first heap   total 221184K, used 166751K [0x0000000080000000, 0x0000000100000000)
  region size 1024K, 51 young (52224K), 4 survivors (4096K)
 Metaspace       used 106847K, committed 107584K, reserved 1179648K
  class space    used 14392K, committed 14720K, reserved 1048576K
}
Event: 42.587 GC heap after
{Heap after GC invocations=60 (full 0):
 garbage-first heap   total 221184K, used 122262K [0x0000000080000000, 0x0000000100000000)
  region size 1024K, 6 young (6144K), 6 survivors (6144K)
 Metaspace       used 106847K, committed 107584K, reserved 1179648K
  class space    used 14392K, committed 14720K, reserved 1048576K
}
Event: 44.197 GC heap before
{Heap before GC invocations=60 (full 0):
 garbage-first heap   total 221184K, used 171414K [0x0000000080000000, 0x0000000100000000)
  region size 1024K, 55 young (56320K), 6 survivors (6144K)
 Metaspace       used 108720K, committed 109504K, reserved 1179648K
  class space    used 14640K, committed 14976K, reserved 1048576K
}
Event: 44.210 GC heap after
{Heap after GC invocations=61 (full 0):
 garbage-first heap   total 221184K, used 126310K [0x0000000080000000, 0x0000000100000000)
  region size 1024K, 7 young (7168K), 7 survivors (7168K)
 Metaspace       used 108720K, committed 109504K, reserved 1179648K
  class space    used 14640K, committed 14976K, reserved 1048576K
}

